<?xml version="1.0" encoding="UTF-8"?>
<coverage generated="1578946970128" clover="3.2.0">
  <project timestamp="1578946970128" name="All files">
    <metrics statements="18" coveredstatements="18" conditionals="8" coveredconditionals="7" methods="5" coveredmethods="5" elements="31" coveredelements="30" complexity="0" loc="18" ncloc="18" packages="1" files="1" classes="1"/>
    <file name="index.js" path="/home/user/frontend-project-lvl2/src/index.js">
      <metrics statements="18" coveredstatements="18" conditionals="8" coveredconditionals="7" methods="5" coveredmethods="5"/>
      <line num="5" count="1" type="stmt"/>
      <line num="10" count="1" type="stmt"/>
      <line num="11" count="2" type="cond" truecount="1" falsecount="1"/>
      <line num="13" count="2" type="stmt"/>
      <line num="16" count="1" type="stmt"/>
      <line num="17" count="5" type="cond" truecount="2" falsecount="0"/>
      <line num="18" count="2" type="cond" truecount="2" falsecount="0"/>
      <line num="22" count="3" type="cond" truecount="2" falsecount="0"/>
      <line num="23" count="1" type="stmt"/>
      <line num="25" count="2" type="stmt"/>
      <line num="28" count="1" type="stmt"/>
      <line num="29" count="1" type="stmt"/>
      <line num="30" count="1" type="stmt"/>
      <line num="31" count="5" type="stmt"/>
      <line num="33" count="1" type="stmt"/>
      <line num="37" count="1" type="stmt"/>
      <line num="38" count="1" type="stmt"/>
      <line num="39" count="1" type="stmt"/>
    </file>
  </project>
</coverage>
