{"/home/user/frontend-project-lvl2/src/index.js": {"path":"/home/user/frontend-project-lvl2/src/index.js","statementMap":{"0":{"start":{"line":5,"column":20},"end":{"line":8,"column":1}},"1":{"start":{"line":10,"column":26},"end":{"line":14,"column":1}},"2":{"start":{"line":11,"column":18},"end":{"line":12,"column":65}},"3":{"start":{"line":13,"column":2},"end":{"line":13,"column":94}},"4":{"start":{"line":16,"column":25},"end":{"line":26,"column":1}},"5":{"start":{"line":17,"column":2},"end":{"line":21,"column":3}},"6":{"start":{"line":18,"column":4},"end":{"line":20,"column":87}},"7":{"start":{"line":22,"column":2},"end":{"line":24,"column":3}},"8":{"start":{"line":23,"column":4},"end":{"line":23,"column":51}},"9":{"start":{"line":25,"column":2},"end":{"line":25,"column":49}},"10":{"start":{"line":28,"column":16},"end":{"line":34,"column":1}},"11":{"start":{"line":29,"column":20},"end":{"line":29,"column":84}},"12":{"start":{"line":30,"column":24},"end":{"line":32,"column":8}},"13":{"start":{"line":31,"column":4},"end":{"line":31,"column":70}},"14":{"start":{"line":33,"column":2},"end":{"line":33,"column":32}},"15":{"start":{"line":37,"column":20},"end":{"line":37,"column":57}},"16":{"start":{"line":38,"column":21},"end":{"line":38,"column":58}},"17":{"start":{"line":39,"column":2},"end":{"line":39,"column":40}}},"fnMap":{"0":{"name":"(anonymous_0)","decl":{"start":{"line":10,"column":26},"end":{"line":10,"column":27}},"loc":{"start":{"line":10,"column":50},"end":{"line":14,"column":1}},"line":10},"1":{"name":"(anonymous_1)","decl":{"start":{"line":16,"column":25},"end":{"line":16,"column":26}},"loc":{"start":{"line":16,"column":68},"end":{"line":26,"column":1}},"line":16},"2":{"name":"(anonymous_2)","decl":{"start":{"line":28,"column":16},"end":{"line":28,"column":17}},"loc":{"start":{"line":28,"column":43},"end":{"line":34,"column":1}},"line":28},"3":{"name":"(anonymous_3)","decl":{"start":{"line":30,"column":46},"end":{"line":30,"column":47}},"loc":{"start":{"line":31,"column":4},"end":{"line":31,"column":70}},"line":31},"4":{"name":"(anonymous_4)","decl":{"start":{"line":36,"column":15},"end":{"line":36,"column":16}},"loc":{"start":{"line":36,"column":33},"end":{"line":40,"column":1}},"line":36}},"branchMap":{"0":{"loc":{"start":{"line":11,"column":18},"end":{"line":12,"column":65}},"type":"cond-expr","locations":[{"start":{"line":11,"column":47},"end":{"line":11,"column":56}},{"start":{"line":12,"column":6},"end":{"line":12,"column":65}}],"line":11},"1":{"loc":{"start":{"line":17,"column":2},"end":{"line":21,"column":3}},"type":"if","locations":[{"start":{"line":17,"column":2},"end":{"line":21,"column":3}},{"start":{"line":17,"column":2},"end":{"line":21,"column":3}}],"line":17},"2":{"loc":{"start":{"line":18,"column":11},"end":{"line":20,"column":86}},"type":"cond-expr","locations":[{"start":{"line":19,"column":8},"end":{"line":19,"column":47}},{"start":{"line":20,"column":8},"end":{"line":20,"column":86}}],"line":18},"3":{"loc":{"start":{"line":22,"column":2},"end":{"line":24,"column":3}},"type":"if","locations":[{"start":{"line":22,"column":2},"end":{"line":24,"column":3}},{"start":{"line":22,"column":2},"end":{"line":24,"column":3}}],"line":22}},"s":{"0":1,"1":1,"2":2,"3":2,"4":1,"5":5,"6":2,"7":3,"8":1,"9":2,"10":1,"11":1,"12":1,"13":5,"14":1,"15":1,"16":1,"17":1},"f":{"0":2,"1":5,"2":1,"3":5,"4":1},"b":{"0":[2,0],"1":[2,3],"2":[1,1],"3":[1,2]},"_coverageSchema":"43e27e138ebf9cfc5966b082cf9a028302ed4184","hash":"f4488b7d3cf7d0ab88595b1c0bead9ec957bb315"}
}
