TN:
SF:/home/user/frontend-project-lvl2/src/index.js
FN:10,(anonymous_0)
FN:16,(anonymous_1)
FN:28,(anonymous_2)
FN:30,(anonymous_3)
FN:36,(anonymous_4)
FNF:5
FNH:5
FNDA:2,(anonymous_0)
FNDA:5,(anonymous_1)
FNDA:1,(anonymous_2)
FNDA:5,(anonymous_3)
FNDA:1,(anonymous_4)
DA:5,1
DA:10,1
DA:11,2
DA:13,2
DA:16,1
DA:17,5
DA:18,2
DA:22,3
DA:23,1
DA:25,2
DA:28,1
DA:29,1
DA:30,1
DA:31,5
DA:33,1
DA:37,1
DA:38,1
DA:39,1
LF:18
LH:18
BRDA:11,0,0,2
BRDA:11,0,1,0
BRDA:17,1,0,2
BRDA:17,1,1,3
BRDA:18,2,0,1
BRDA:18,2,1,1
BRDA:22,3,0,1
BRDA:22,3,1,2
BRF:8
BRH:7
end_of_record
